<?xml version="1.0" encoding="utf-8"?><testsuites name="pytest tests"><testsuite name="pytest" errors="0" failures="0" skipped="0" tests="5" time="2.625" timestamp="2026-08-14T17:22:40.776061+00:00" hostname="agent-env-9dac46d7-17c7-4172-96b2-e63b7f280a27"><testcase classname="tests.test_orders_api" name="test_root" time="0.493" /><testcase classname="tests.test_orders_api" name="test_create_order_empty_items_rejected" time="0.078" /><testcase classname="tests.test_orders_api" name="test_create_order_invalid_email" time="0.069" /><testcase classname="tests.test_orders_api" name="test_create_order_success_and_persist" time="0.177" /><testcase classname="tests.test_orders_api" name="test_enquiries_endpoints" time="0.154" /></testsuite></testsuites>